
This XML file does not appear to have any style information associated with it. The document tree is shown below.
<testsuite errors="0" failures="0" hostname="EC2AMAZ-NI675NF" name="test.AllTests" skipped="0" tests="6" time="0.109" timestamp="2019-07-31T01:48:25">
<properties>
[...]
</properties>
<properties>...</properties>
<testcase classname="test.AllTests" name="testStackNull" time="0.0"/>
<system-out>
<![CDATA[
Test for default package
 hello
 hello
 hello
 hello
 hello
 hello
]]>
<![CDATA[...]]>
</system-out>
<system-out>...</system-out>
<system-err>
<![CDATA[ ]]>
</system-err>
<system-err>...</system-err>
</testsuite>
<testsuite errors="0" failures="0" hostname="EC2AMAZ-NI675NF" name="test.AllTests" skipped="0" tests="6" time="0.109" timestamp="2019-07-31T01:48:25">...</testsuite>